libs/weather/build/intermediates/manifest_merge_blame_file/release/manifest-merger-blame-release-report.txt
1<?xml version="1.0" encoding="utf-8"?>
2<manifest xmlns:android="http://schemas.android.com/apk/res/android"
3    xmlns:tools="http://schemas.android.com/tools"
4    package="cz.martykan.forecastie"
5    android:versionCode="64"
6    android:versionName="1.17.3" >
7
8    <uses-sdk
9        android:minSdkVersion="15"
9-->src\main\AndroidManifest.xml
10        android:targetSdkVersion="29" />
10-->src\main\AndroidManifest.xml
11
12    <application
12-->src\main\AndroidManifest.xml:8:5-109:19
13        android:allowBackup="true"
13-->src\main\AndroidManifest.xml:9:9-35
14        android:fullBackupContent="false"
14-->src\main\AndroidManifest.xml:10:9-42
15        android:icon="@mipmap/ic_launcher"
15-->src\main\AndroidManifest.xml:11:9-43
16        android:label="@string/app_name"
16-->src\main\AndroidManifest.xml:12:9-41
17        android:supportsRtl="true" >
17-->src\main\AndroidManifest.xml:13:9-35
18        <activity
18-->src\main\AndroidManifest.xml:15:9-18:20
19            android:name="cz.martykan.forecastie.activities.SplashActivity"
19-->src\main\AndroidManifest.xml:16:13-54
20            android:theme="@style/SplashTheme" >
20-->src\main\AndroidManifest.xml:17:13-47
21        </activity>
22        <activity
22-->src\main\AndroidManifest.xml:20:9-23:58
23            android:name="cz.martykan.forecastie.activities.MainActivity"
23-->src\main\AndroidManifest.xml:21:13-52
24            android:label="@string/app_name"
24-->src\main\AndroidManifest.xml:22:13-45
25            android:theme="@style/AppTheme.NoActionBar" />
25-->src\main\AndroidManifest.xml:23:13-56
26        <activity
26-->src\main\AndroidManifest.xml:25:9-29:46
27            android:name="cz.martykan.forecastie.activities.SettingsActivity"
27-->src\main\AndroidManifest.xml:26:13-56
28            android:parentActivityName="cz.martykan.forecastie.activities.MainActivity"
28-->src\main\AndroidManifest.xml:27:13-66
29            android:theme="@style/AppTheme"
29-->src\main\AndroidManifest.xml:28:13-44
30            tools:ignore="UnusedAttribute" />
30-->src\main\AndroidManifest.xml:29:13-43
31        <activity
31-->src\main\AndroidManifest.xml:31:9-35:46
32            android:name="cz.martykan.forecastie.activities.MapActivity"
32-->src\main\AndroidManifest.xml:32:13-51
33            android:parentActivityName="cz.martykan.forecastie.activities.MainActivity"
33-->src\main\AndroidManifest.xml:33:13-66
34            android:theme="@style/AppTheme.NoStatusBar"
34-->src\main\AndroidManifest.xml:34:13-56
35            tools:ignore="UnusedAttribute" />
35-->src\main\AndroidManifest.xml:35:13-43
36        <activity
36-->src\main\AndroidManifest.xml:37:9-42:46
37            android:name="cz.martykan.forecastie.activities.GraphActivity"
37-->src\main\AndroidManifest.xml:38:13-53
38            android:label="@string/action_graphs"
38-->src\main\AndroidManifest.xml:39:13-50
39            android:parentActivityName="cz.martykan.forecastie.activities.MainActivity"
39-->src\main\AndroidManifest.xml:40:13-66
40            android:theme="@style/AppTheme.NoActionBar"
40-->src\main\AndroidManifest.xml:41:13-56
41            tools:ignore="UnusedAttribute" />
41-->src\main\AndroidManifest.xml:42:13-43
42
43        <!-- Receivers -->
44
45        <receiver
45-->src\main\AndroidManifest.xml:47:9-55:20
46            android:name="cz.martykan.forecastie.widgets.ExtensiveWidgetProvider"
46-->src\main\AndroidManifest.xml:47:19-66
47            android:label="@string/widget_label_extensive" >
47-->src\main\AndroidManifest.xml:47:67-113
48            <intent-filter>
48-->src\main\AndroidManifest.xml:48:13-50:29
49                <action android:name="android.appwidget.action.APPWIDGET_UPDATE" />
49-->src\main\AndroidManifest.xml:49:17-84
49-->src\main\AndroidManifest.xml:49:25-81
50            </intent-filter>
51
52            <meta-data
52-->src\main\AndroidManifest.xml:52:13-54:60
53                android:name="android.appwidget.provider"
53-->src\main\AndroidManifest.xml:53:17-58
54                android:resource="@xml/extensive_widget" />
54-->src\main\AndroidManifest.xml:54:17-57
55        </receiver>
56        <receiver
56-->src\main\AndroidManifest.xml:57:9-65:20
57            android:name="cz.martykan.forecastie.widgets.TimeWidgetProvider"
57-->src\main\AndroidManifest.xml:57:19-61
58            android:label="@string/widget_label_time" >
58-->src\main\AndroidManifest.xml:57:62-103
59            <intent-filter>
59-->src\main\AndroidManifest.xml:48:13-50:29
60                <action android:name="android.appwidget.action.APPWIDGET_UPDATE" />
60-->src\main\AndroidManifest.xml:49:17-84
60-->src\main\AndroidManifest.xml:49:25-81
61            </intent-filter>
62
63            <meta-data
63-->src\main\AndroidManifest.xml:52:13-54:60
64                android:name="android.appwidget.provider"
64-->src\main\AndroidManifest.xml:53:17-58
65                android:resource="@xml/time_widget" />
65-->src\main\AndroidManifest.xml:54:17-57
66        </receiver>
67        <receiver
67-->src\main\AndroidManifest.xml:67:9-75:20
68            android:name="cz.martykan.forecastie.widgets.SimpleWidgetProvider"
68-->src\main\AndroidManifest.xml:67:19-63
69            android:label="@string/widget_label_simple" >
69-->src\main\AndroidManifest.xml:67:64-107
70            <intent-filter>
70-->src\main\AndroidManifest.xml:48:13-50:29
71                <action android:name="android.appwidget.action.APPWIDGET_UPDATE" />
71-->src\main\AndroidManifest.xml:49:17-84
71-->src\main\AndroidManifest.xml:49:25-81
72            </intent-filter>
73
74            <meta-data
74-->src\main\AndroidManifest.xml:52:13-54:60
75                android:name="android.appwidget.provider"
75-->src\main\AndroidManifest.xml:53:17-58
76                android:resource="@xml/simple_widget" />
76-->src\main\AndroidManifest.xml:54:17-57
77        </receiver>
78        <receiver
78-->src\main\AndroidManifest.xml:77:9-85:20
79            android:name="cz.martykan.forecastie.widgets.ClassicTimeWidgetProvider"
79-->src\main\AndroidManifest.xml:77:19-68
80            android:label="@string/widget_label_classic" >
80-->src\main\AndroidManifest.xml:77:69-113
81            <intent-filter>
81-->src\main\AndroidManifest.xml:48:13-50:29
82                <action android:name="android.appwidget.action.APPWIDGET_UPDATE" />
82-->src\main\AndroidManifest.xml:49:17-84
82-->src\main\AndroidManifest.xml:49:25-81
83            </intent-filter>
84
85            <meta-data
85-->src\main\AndroidManifest.xml:52:13-54:60
86                android:name="android.appwidget.provider"
86-->src\main\AndroidManifest.xml:53:17-58
87                android:resource="@xml/time_widget_classic" />
87-->src\main\AndroidManifest.xml:54:17-57
88        </receiver>
89        <receiver android:name="cz.martykan.forecastie.AlarmReceiver" >
89-->src\main\AndroidManifest.xml:87:9-94:20
89-->src\main\AndroidManifest.xml:87:19-48
90            <intent-filter>
90-->src\main\AndroidManifest.xml:88:13-93:29
91                <action android:name="android.intent.action.BOOT_COMPLETED" />
91-->src\main\AndroidManifest.xml:89:17-79
91-->src\main\AndroidManifest.xml:89:25-76
92                <action android:name="android.intent.action.PACKAGE_REPLACED" />
92-->src\main\AndroidManifest.xml:90:17-81
92-->src\main\AndroidManifest.xml:90:25-78
93                <action android:name="android.net.conn.CONNECTIVITY_CHANGE" />
93-->src\main\AndroidManifest.xml:91:17-79
93-->src\main\AndroidManifest.xml:91:25-76
94                <action android:name="android.intent.action.LOCALE_CHANGED" />
94-->src\main\AndroidManifest.xml:92:17-79
94-->src\main\AndroidManifest.xml:92:25-76
95            </intent-filter>
96        </receiver>
97
98        <!-- &lt;!&ndash; Services &ndash;&gt; -->
99
100
101        <!-- <service android:name=".notifications.WeatherNotificationService" -->
102        <!-- android:exported="false" -->
103        <!-- android:description="@string/notification_service_description"/> -->
104
105
106        <!-- &lt;!&ndash; Providers &ndash;&gt; -->
107
108
109        <!-- <provider -->
110        <!-- android:name="cz.martykan.forecastie.utils.StubContentProvider" -->
111        <!-- android:authorities="cz.martykan.forecastie.authority" -->
112        <!-- android:exported="true" /> -->
113    </application>
114
115</manifest>